<?xml version="1.0" encoding="UTF-8"?>
<!-- Generated by org.testng.reporters.JUnitXMLReporter -->
<testsuite ignored="10" hostname="DESKTOP-LOTSCU6" failures="1" tests="1" name="Test" time="18.515" errors="0" timestamp="2024-08-25T21:22:39 IST">
  <testcase classname="AmazonTestCases.TestCases" name="tc_softassertions" time="7.564">
    <failure type="java.lang.AssertionError" message="The following asserts failed:
	Title mismatch expected [Facebook – log in or sign up] but found [Get back on Facebook],
	url mismatch expected [https://www.facebook.com/] but found [https://www.facebook.com/recover/account/]">
      <![CDATA[java.lang.AssertionError: The following asserts failed:
Title mismatch expected [Facebook – log in or sign up] but found [Get back on Facebook],
url mismatch expected [https://www.facebook.com/] but found [https://www.facebook.com/recover/account/]
at AmazonTestCases.TestCases.tc_softassertions(TestCases.java:395)
at java.base/java.util.ArrayList.forEach(ArrayList.java:1597)
... Removed 27 stack frames]]>
    </failure>
  </testcase> <!-- tc_softassertions -->
  <testcase classname="AmazonTestCases.TestCases" name="TC07" time="0.0">
    <ignored/>
  </testcase> <!-- TC07 -->
  <testcase classname="AmazonTestCases.TestCases" name="TC08" time="0.0">
    <ignored/>
  </testcase> <!-- TC08 -->
  <testcase classname="AmazonTestCases.TestCases" name="tc_assertions" time="0.0">
    <ignored/>
  </testcase> <!-- tc_assertions -->
  <testcase classname="AmazonTestCases.TestCases" name="TC09" time="0.0">
    <ignored/>
  </testcase> <!-- TC09 -->
  <testcase classname="AmazonTestCases.TestCases" name="TC03" time="0.0">
    <ignored/>
  </testcase> <!-- TC03 -->
  <testcase classname="AmazonTestCases.TestCases" name="TC04" time="0.0">
    <ignored/>
  </testcase> <!-- TC04 -->
  <testcase classname="AmazonTestCases.TestCases" name="TC05" time="0.0">
    <ignored/>
  </testcase> <!-- TC05 -->
  <testcase classname="AmazonTestCases.TestCases" name="TC06" time="0.0">
    <ignored/>
  </testcase> <!-- TC06 -->
  <testcase classname="AmazonTestCases.TestCases" name="TC01" time="0.0">
    <ignored/>
  </testcase> <!-- TC01 -->
  <testcase classname="AmazonTestCases.TestCases" name="TC02" time="0.0">
    <ignored/>
  </testcase> <!-- TC02 -->
</testsuite> <!-- Test -->
